<?xml version="1.0" encoding="UTF-8"?>
<!-- Generated by org.testng.reporters.JUnitReportReporter -->
<testsuite hostname="ChiranthR" failures="0" tests="1" name="testtPage.TC004_SearchProduct" time="7.825" errors="0" timestamp="2024-10-02T11:43:43 IST" skipped="0">
  <testcase classname="testtPage.TC004_SearchProduct" name="SearchProduct" time="7.825"/>
</testsuite> <!-- testtPage.TC004_SearchProduct -->
