<?xml version="1.0" encoding="UTF-8"?>
<!-- Generated by org.testng.reporters.JUnitReportReporter -->
<testsuite hostname="ChiranthR" failures="0" tests="1" name="testtPage.TC002_AccountLoginTest" time="2.289" errors="0" timestamp="2024-10-02T11:25:03 IST" skipped="0">
  <testcase classname="testtPage.TC002_AccountLoginTest" name="LogintoAccount" time="2.289"/>
</testsuite> <!-- testtPage.TC002_AccountLoginTest -->
